<?xml version="1.0" encoding="UTF-8"?>
<testsuite xmlns:xsi="http://www.w3.org/2001/XMLSchema-instance" xsi:noNamespaceSchemaLocation="https://maven.apache.org/surefire/maven-surefire-plugin/xsd/surefire-test-report-3.0.xsd" version="3.0" name="com.mingmou.MingmouApplicationTests" time="4.486" tests="1" errors="0" skipped="0" failures="0">
  <properties>
    <property name="java.specification.version" value="17"/>
    <property name="sun.cpu.isalist" value="amd64"/>
    <property name="sun.jnu.encoding" value="GBK"/>
    <property name="java.class.path" value="C:\Users\86130\Desktop\机械狗\mingmou YUN\target\test-classes;C:\Users\86130\Desktop\机械狗\mingmou YUN\target\classes;D:\Syhaun\apache-maven-3.6.1\maven_repository\org\springframework\boot\spring-boot-starter-web\3.2.5\spring-boot-starter-web-3.2.5.jar;D:\Syhaun\apache-maven-3.6.1\maven_repository\org\springframework\boot\spring-boot-starter\3.2.5\spring-boot-starter-3.2.5.jar;D:\Syhaun\apache-maven-3.6.1\maven_repository\org\springframework\boot\spring-boot-starter-logging\3.2.5\spring-boot-starter-logging-3.2.5.jar;D:\Syhaun\apache-maven-3.6.1\maven_repository\ch\qos\logback\logback-classic\1.4.14\logback-classic-1.4.14.jar;D:\Syhaun\apache-maven-3.6.1\maven_repository\ch\qos\logback\logback-core\1.4.14\logback-core-1.4.14.jar;D:\Syhaun\apache-maven-3.6.1\maven_repository\org\apache\logging\log4j\log4j-to-slf4j\2.21.1\log4j-to-slf4j-2.21.1.jar;D:\Syhaun\apache-maven-3.6.1\maven_repository\org\apache\logging\log4j\log4j-api\2.21.1\log4j-api-2.21.1.jar;D:\Syhaun\apache-maven-3.6.1\maven_repository\org\slf4j\jul-to-slf4j\2.0.13\jul-to-slf4j-2.0.13.jar;D:\Syhaun\apache-maven-3.6.1\maven_repository\jakarta\annotation\jakarta.annotation-api\2.1.1\jakarta.annotation-api-2.1.1.jar;D:\Syhaun\apache-maven-3.6.1\maven_repository\org\yaml\snakeyaml\2.2\snakeyaml-2.2.jar;D:\Syhaun\apache-maven-3.6.1\maven_repository\org\springframework\boot\spring-boot-starter-json\3.2.5\spring-boot-starter-json-3.2.5.jar;D:\Syhaun\apache-maven-3.6.1\maven_repository\com\fasterxml\jackson\core\jackson-databind\2.15.4\jackson-databind-2.15.4.jar;D:\Syhaun\apache-maven-3.6.1\maven_repository\com\fasterxml\jackson\core\jackson-annotations\2.15.4\jackson-annotations-2.15.4.jar;D:\Syhaun\apache-maven-3.6.1\maven_repository\com\fasterxml\jackson\core\jackson-core\2.15.4\jackson-core-2.15.4.jar;D:\Syhaun\apache-maven-3.6.1\maven_repository\com\fasterxml\jackson\datatype\jackson-datatype-jdk8\2.15.4\jackson-datatype-jdk8-2.15.4.jar;D:\Syhaun\apache-maven-3.6.1\maven_repository\com\fasterxml\jackson\datatype\jackson-datatype-jsr310\2.15.4\jackson-datatype-jsr310-2.15.4.jar;D:\Syhaun\apache-maven-3.6.1\maven_repository\com\fasterxml\jackson\module\jackson-module-parameter-names\2.15.4\jackson-module-parameter-names-2.15.4.jar;D:\Syhaun\apache-maven-3.6.1\maven_repository\org\springframework\boot\spring-boot-starter-tomcat\3.2.5\spring-boot-starter-tomcat-3.2.5.jar;D:\Syhaun\apache-maven-3.6.1\maven_repository\org\apache\tomcat\embed\tomcat-embed-core\10.1.20\tomcat-embed-core-10.1.20.jar;D:\Syhaun\apache-maven-3.6.1\maven_repository\org\apache\tomcat\embed\tomcat-embed-el\10.1.20\tomcat-embed-el-10.1.20.jar;D:\Syhaun\apache-maven-3.6.1\maven_repository\org\apache\tomcat\embed\tomcat-embed-websocket\10.1.20\tomcat-embed-websocket-10.1.20.jar;D:\Syhaun\apache-maven-3.6.1\maven_repository\org\springframework\spring-web\6.1.6\spring-web-6.1.6.jar;D:\Syhaun\apache-maven-3.6.1\maven_repository\org\springframework\spring-beans\6.1.6\spring-beans-6.1.6.jar;D:\Syhaun\apache-maven-3.6.1\maven_repository\io\micrometer\micrometer-observation\1.12.5\micrometer-observation-1.12.5.jar;D:\Syhaun\apache-maven-3.6.1\maven_repository\io\micrometer\micrometer-commons\1.12.5\micrometer-commons-1.12.5.jar;D:\Syhaun\apache-maven-3.6.1\maven_repository\org\springframework\spring-webmvc\6.1.6\spring-webmvc-6.1.6.jar;D:\Syhaun\apache-maven-3.6.1\maven_repository\org\springframework\spring-aop\6.1.6\spring-aop-6.1.6.jar;D:\Syhaun\apache-maven-3.6.1\maven_repository\org\springframework\spring-context\6.1.6\spring-context-6.1.6.jar;D:\Syhaun\apache-maven-3.6.1\maven_repository\org\springframework\spring-expression\6.1.6\spring-expression-6.1.6.jar;D:\Syhaun\apache-maven-3.6.1\maven_repository\org\mybatis\spring\boot\mybatis-spring-boot-starter\3.0.3\mybatis-spring-boot-starter-3.0.3.jar;D:\Syhaun\apache-maven-3.6.1\maven_repository\org\springframework\boot\spring-boot-starter-jdbc\3.2.5\spring-boot-starter-jdbc-3.2.5.jar;D:\Syhaun\apache-maven-3.6.1\maven_repository\com\zaxxer\HikariCP\5.0.1\HikariCP-5.0.1.jar;D:\Syhaun\apache-maven-3.6.1\maven_repository\org\springframework\spring-jdbc\6.1.6\spring-jdbc-6.1.6.jar;D:\Syhaun\apache-maven-3.6.1\maven_repository\org\mybatis\spring\boot\mybatis-spring-boot-autoconfigure\3.0.3\mybatis-spring-boot-autoconfigure-3.0.3.jar;D:\Syhaun\apache-maven-3.6.1\maven_repository\org\mybatis\mybatis\3.5.14\mybatis-3.5.14.jar;D:\Syhaun\apache-maven-3.6.1\maven_repository\org\mybatis\mybatis-spring\3.0.3\mybatis-spring-3.0.3.jar;D:\Syhaun\apache-maven-3.6.1\maven_repository\org\springframework\boot\spring-boot-devtools\3.2.5\spring-boot-devtools-3.2.5.jar;D:\Syhaun\apache-maven-3.6.1\maven_repository\org\springframework\boot\spring-boot\3.2.5\spring-boot-3.2.5.jar;D:\Syhaun\apache-maven-3.6.1\maven_repository\com\mysql\mysql-connector-j\8.3.0\mysql-connector-j-8.3.0.jar;D:\Syhaun\apache-maven-3.6.1\maven_repository\org\projectlombok\lombok\1.18.32\lombok-1.18.32.jar;D:\Syhaun\apache-maven-3.6.1\maven_repository\org\springframework\boot\spring-boot-starter-test\3.2.5\spring-boot-starter-test-3.2.5.jar;D:\Syhaun\apache-maven-3.6.1\maven_repository\org\springframework\boot\spring-boot-test\3.2.5\spring-boot-test-3.2.5.jar;D:\Syhaun\apache-maven-3.6.1\maven_repository\org\springframework\boot\spring-boot-test-autoconfigure\3.2.5\spring-boot-test-autoconfigure-3.2.5.jar;D:\Syhaun\apache-maven-3.6.1\maven_repository\com\jayway\jsonpath\json-path\2.9.0\json-path-2.9.0.jar;D:\Syhaun\apache-maven-3.6.1\maven_repository\org\slf4j\slf4j-api\2.0.13\slf4j-api-2.0.13.jar;D:\Syhaun\apache-maven-3.6.1\maven_repository\jakarta\xml\bind\jakarta.xml.bind-api\4.0.2\jakarta.xml.bind-api-4.0.2.jar;D:\Syhaun\apache-maven-3.6.1\maven_repository\jakarta\activation\jakarta.activation-api\2.1.3\jakarta.activation-api-2.1.3.jar;D:\Syhaun\apache-maven-3.6.1\maven_repository\net\minidev\json-smart\2.5.1\json-smart-2.5.1.jar;D:\Syhaun\apache-maven-3.6.1\maven_repository\net\minidev\accessors-smart\2.5.1\accessors-smart-2.5.1.jar;D:\Syhaun\apache-maven-3.6.1\maven_repository\org\ow2\asm\asm\9.6\asm-9.6.jar;D:\Syhaun\apache-maven-3.6.1\maven_repository\org\assertj\assertj-core\3.24.2\assertj-core-3.24.2.jar;D:\Syhaun\apache-maven-3.6.1\maven_repository\net\bytebuddy\byte-buddy\1.14.13\byte-buddy-1.14.13.jar;D:\Syhaun\apache-maven-3.6.1\maven_repository\org\awaitility\awaitility\4.2.1\awaitility-4.2.1.jar;D:\Syhaun\apache-maven-3.6.1\maven_repository\org\hamcrest\hamcrest\2.2\hamcrest-2.2.jar;D:\Syhaun\apache-maven-3.6.1\maven_repository\org\junit\jupiter\junit-jupiter\5.10.2\junit-jupiter-5.10.2.jar;D:\Syhaun\apache-maven-3.6.1\maven_repository\org\junit\jupiter\junit-jupiter-api\5.10.2\junit-jupiter-api-5.10.2.jar;D:\Syhaun\apache-maven-3.6.1\maven_repository\org\opentest4j\opentest4j\1.3.0\opentest4j-1.3.0.jar;D:\Syhaun\apache-maven-3.6.1\maven_repository\org\junit\platform\junit-platform-commons\1.10.2\junit-platform-commons-1.10.2.jar;D:\Syhaun\apache-maven-3.6.1\maven_repository\org\apiguardian\apiguardian-api\1.1.2\apiguardian-api-1.1.2.jar;D:\Syhaun\apache-maven-3.6.1\maven_repository\org\junit\jupiter\junit-jupiter-params\5.10.2\junit-jupiter-params-5.10.2.jar;D:\Syhaun\apache-maven-3.6.1\maven_repository\org\junit\jupiter\junit-jupiter-engine\5.10.2\junit-jupiter-engine-5.10.2.jar;D:\Syhaun\apache-maven-3.6.1\maven_repository\org\junit\platform\junit-platform-engine\1.10.2\junit-platform-engine-1.10.2.jar;D:\Syhaun\apache-maven-3.6.1\maven_repository\org\mockito\mockito-core\5.7.0\mockito-core-5.7.0.jar;D:\Syhaun\apache-maven-3.6.1\maven_repository\net\bytebuddy\byte-buddy-agent\1.14.13\byte-buddy-agent-1.14.13.jar;D:\Syhaun\apache-maven-3.6.1\maven_repository\org\objenesis\objenesis\3.3\objenesis-3.3.jar;D:\Syhaun\apache-maven-3.6.1\maven_repository\org\mockito\mockito-junit-jupiter\5.7.0\mockito-junit-jupiter-5.7.0.jar;D:\Syhaun\apache-maven-3.6.1\maven_repository\org\skyscreamer\jsonassert\1.5.1\jsonassert-1.5.1.jar;D:\Syhaun\apache-maven-3.6.1\maven_repository\com\vaadin\external\google\android-json\0.0.20131108.vaadin1\android-json-0.0.20131108.vaadin1.jar;D:\Syhaun\apache-maven-3.6.1\maven_repository\org\springframework\spring-core\6.1.6\spring-core-6.1.6.jar;D:\Syhaun\apache-maven-3.6.1\maven_repository\org\springframework\spring-jcl\6.1.6\spring-jcl-6.1.6.jar;D:\Syhaun\apache-maven-3.6.1\maven_repository\org\springframework\spring-test\6.1.6\spring-test-6.1.6.jar;D:\Syhaun\apache-maven-3.6.1\maven_repository\org\xmlunit\xmlunit-core\2.9.1\xmlunit-core-2.9.1.jar;D:\Syhaun\apache-maven-3.6.1\maven_repository\org\mybatis\spring\boot\mybatis-spring-boot-starter-test\3.0.3\mybatis-spring-boot-starter-test-3.0.3.jar;D:\Syhaun\apache-maven-3.6.1\maven_repository\org\mybatis\spring\boot\mybatis-spring-boot-test-autoconfigure\3.0.3\mybatis-spring-boot-test-autoconfigure-3.0.3.jar;D:\Syhaun\apache-maven-3.6.1\maven_repository\org\springframework\spring-tx\6.1.6\spring-tx-6.1.6.jar;D:\Syhaun\apache-maven-3.6.1\maven_repository\org\springframework\boot\spring-boot-autoconfigure\3.2.5\spring-boot-autoconfigure-3.2.5.jar;"/>
    <property name="java.vm.vendor" value="Amazon.com Inc."/>
    <property name="sun.arch.data.model" value="64"/>
    <property name="user.variant" value=""/>
    <property name="java.vendor.url" value="https://aws.amazon.com/corretto/"/>
    <property name="user.timezone" value="Asia/Shanghai"/>
    <property name="os.name" value="Windows 11"/>
    <property name="java.vm.specification.version" value="17"/>
    <property name="sun.java.launcher" value="SUN_STANDARD"/>
    <property name="user.country" value="CN"/>
    <property name="sun.boot.library.path" value="D:\Program Files\java17\bin"/>
    <property name="sun.java.command" value="C:\Users\86130\AppData\Local\Temp\surefire8941456880821317111\surefirebooter-20240507225342942_3.jar C:\Users\86130\AppData\Local\Temp\surefire8941456880821317111 2024-05-07T22-53-42_790-jvmRun1 surefire-20240507225342942_1tmp surefire_0-20240507225342942_2tmp"/>
    <property name="jdk.debug" value="release"/>
    <property name="surefire.test.class.path" value="C:\Users\86130\Desktop\机械狗\mingmou YUN\target\test-classes;C:\Users\86130\Desktop\机械狗\mingmou YUN\target\classes;D:\Syhaun\apache-maven-3.6.1\maven_repository\org\springframework\boot\spring-boot-starter-web\3.2.5\spring-boot-starter-web-3.2.5.jar;D:\Syhaun\apache-maven-3.6.1\maven_repository\org\springframework\boot\spring-boot-starter\3.2.5\spring-boot-starter-3.2.5.jar;D:\Syhaun\apache-maven-3.6.1\maven_repository\org\springframework\boot\spring-boot-starter-logging\3.2.5\spring-boot-starter-logging-3.2.5.jar;D:\Syhaun\apache-maven-3.6.1\maven_repository\ch\qos\logback\logback-classic\1.4.14\logback-classic-1.4.14.jar;D:\Syhaun\apache-maven-3.6.1\maven_repository\ch\qos\logback\logback-core\1.4.14\logback-core-1.4.14.jar;D:\Syhaun\apache-maven-3.6.1\maven_repository\org\apache\logging\log4j\log4j-to-slf4j\2.21.1\log4j-to-slf4j-2.21.1.jar;D:\Syhaun\apache-maven-3.6.1\maven_repository\org\apache\logging\log4j\log4j-api\2.21.1\log4j-api-2.21.1.jar;D:\Syhaun\apache-maven-3.6.1\maven_repository\org\slf4j\jul-to-slf4j\2.0.13\jul-to-slf4j-2.0.13.jar;D:\Syhaun\apache-maven-3.6.1\maven_repository\jakarta\annotation\jakarta.annotation-api\2.1.1\jakarta.annotation-api-2.1.1.jar;D:\Syhaun\apache-maven-3.6.1\maven_repository\org\yaml\snakeyaml\2.2\snakeyaml-2.2.jar;D:\Syhaun\apache-maven-3.6.1\maven_repository\org\springframework\boot\spring-boot-starter-json\3.2.5\spring-boot-starter-json-3.2.5.jar;D:\Syhaun\apache-maven-3.6.1\maven_repository\com\fasterxml\jackson\core\jackson-databind\2.15.4\jackson-databind-2.15.4.jar;D:\Syhaun\apache-maven-3.6.1\maven_repository\com\fasterxml\jackson\core\jackson-annotations\2.15.4\jackson-annotations-2.15.4.jar;D:\Syhaun\apache-maven-3.6.1\maven_repository\com\fasterxml\jackson\core\jackson-core\2.15.4\jackson-core-2.15.4.jar;D:\Syhaun\apache-maven-3.6.1\maven_repository\com\fasterxml\jackson\datatype\jackson-datatype-jdk8\2.15.4\jackson-datatype-jdk8-2.15.4.jar;D:\Syhaun\apache-maven-3.6.1\maven_repository\com\fasterxml\jackson\datatype\jackson-datatype-jsr310\2.15.4\jackson-datatype-jsr310-2.15.4.jar;D:\Syhaun\apache-maven-3.6.1\maven_repository\com\fasterxml\jackson\module\jackson-module-parameter-names\2.15.4\jackson-module-parameter-names-2.15.4.jar;D:\Syhaun\apache-maven-3.6.1\maven_repository\org\springframework\boot\spring-boot-starter-tomcat\3.2.5\spring-boot-starter-tomcat-3.2.5.jar;D:\Syhaun\apache-maven-3.6.1\maven_repository\org\apache\tomcat\embed\tomcat-embed-core\10.1.20\tomcat-embed-core-10.1.20.jar;D:\Syhaun\apache-maven-3.6.1\maven_repository\org\apache\tomcat\embed\tomcat-embed-el\10.1.20\tomcat-embed-el-10.1.20.jar;D:\Syhaun\apache-maven-3.6.1\maven_repository\org\apache\tomcat\embed\tomcat-embed-websocket\10.1.20\tomcat-embed-websocket-10.1.20.jar;D:\Syhaun\apache-maven-3.6.1\maven_repository\org\springframework\spring-web\6.1.6\spring-web-6.1.6.jar;D:\Syhaun\apache-maven-3.6.1\maven_repository\org\springframework\spring-beans\6.1.6\spring-beans-6.1.6.jar;D:\Syhaun\apache-maven-3.6.1\maven_repository\io\micrometer\micrometer-observation\1.12.5\micrometer-observation-1.12.5.jar;D:\Syhaun\apache-maven-3.6.1\maven_repository\io\micrometer\micrometer-commons\1.12.5\micrometer-commons-1.12.5.jar;D:\Syhaun\apache-maven-3.6.1\maven_repository\org\springframework\spring-webmvc\6.1.6\spring-webmvc-6.1.6.jar;D:\Syhaun\apache-maven-3.6.1\maven_repository\org\springframework\spring-aop\6.1.6\spring-aop-6.1.6.jar;D:\Syhaun\apache-maven-3.6.1\maven_repository\org\springframework\spring-context\6.1.6\spring-context-6.1.6.jar;D:\Syhaun\apache-maven-3.6.1\maven_repository\org\springframework\spring-expression\6.1.6\spring-expression-6.1.6.jar;D:\Syhaun\apache-maven-3.6.1\maven_repository\org\mybatis\spring\boot\mybatis-spring-boot-starter\3.0.3\mybatis-spring-boot-starter-3.0.3.jar;D:\Syhaun\apache-maven-3.6.1\maven_repository\org\springframework\boot\spring-boot-starter-jdbc\3.2.5\spring-boot-starter-jdbc-3.2.5.jar;D:\Syhaun\apache-maven-3.6.1\maven_repository\com\zaxxer\HikariCP\5.0.1\HikariCP-5.0.1.jar;D:\Syhaun\apache-maven-3.6.1\maven_repository\org\springframework\spring-jdbc\6.1.6\spring-jdbc-6.1.6.jar;D:\Syhaun\apache-maven-3.6.1\maven_repository\org\mybatis\spring\boot\mybatis-spring-boot-autoconfigure\3.0.3\mybatis-spring-boot-autoconfigure-3.0.3.jar;D:\Syhaun\apache-maven-3.6.1\maven_repository\org\mybatis\mybatis\3.5.14\mybatis-3.5.14.jar;D:\Syhaun\apache-maven-3.6.1\maven_repository\org\mybatis\mybatis-spring\3.0.3\mybatis-spring-3.0.3.jar;D:\Syhaun\apache-maven-3.6.1\maven_repository\org\springframework\boot\spring-boot-devtools\3.2.5\spring-boot-devtools-3.2.5.jar;D:\Syhaun\apache-maven-3.6.1\maven_repository\org\springframework\boot\spring-boot\3.2.5\spring-boot-3.2.5.jar;D:\Syhaun\apache-maven-3.6.1\maven_repository\com\mysql\mysql-connector-j\8.3.0\mysql-connector-j-8.3.0.jar;D:\Syhaun\apache-maven-3.6.1\maven_repository\org\projectlombok\lombok\1.18.32\lombok-1.18.32.jar;D:\Syhaun\apache-maven-3.6.1\maven_repository\org\springframework\boot\spring-boot-starter-test\3.2.5\spring-boot-starter-test-3.2.5.jar;D:\Syhaun\apache-maven-3.6.1\maven_repository\org\springframework\boot\spring-boot-test\3.2.5\spring-boot-test-3.2.5.jar;D:\Syhaun\apache-maven-3.6.1\maven_repository\org\springframework\boot\spring-boot-test-autoconfigure\3.2.5\spring-boot-test-autoconfigure-3.2.5.jar;D:\Syhaun\apache-maven-3.6.1\maven_repository\com\jayway\jsonpath\json-path\2.9.0\json-path-2.9.0.jar;D:\Syhaun\apache-maven-3.6.1\maven_repository\org\slf4j\slf4j-api\2.0.13\slf4j-api-2.0.13.jar;D:\Syhaun\apache-maven-3.6.1\maven_repository\jakarta\xml\bind\jakarta.xml.bind-api\4.0.2\jakarta.xml.bind-api-4.0.2.jar;D:\Syhaun\apache-maven-3.6.1\maven_repository\jakarta\activation\jakarta.activation-api\2.1.3\jakarta.activation-api-2.1.3.jar;D:\Syhaun\apache-maven-3.6.1\maven_repository\net\minidev\json-smart\2.5.1\json-smart-2.5.1.jar;D:\Syhaun\apache-maven-3.6.1\maven_repository\net\minidev\accessors-smart\2.5.1\accessors-smart-2.5.1.jar;D:\Syhaun\apache-maven-3.6.1\maven_repository\org\ow2\asm\asm\9.6\asm-9.6.jar;D:\Syhaun\apache-maven-3.6.1\maven_repository\org\assertj\assertj-core\3.24.2\assertj-core-3.24.2.jar;D:\Syhaun\apache-maven-3.6.1\maven_repository\net\bytebuddy\byte-buddy\1.14.13\byte-buddy-1.14.13.jar;D:\Syhaun\apache-maven-3.6.1\maven_repository\org\awaitility\awaitility\4.2.1\awaitility-4.2.1.jar;D:\Syhaun\apache-maven-3.6.1\maven_repository\org\hamcrest\hamcrest\2.2\hamcrest-2.2.jar;D:\Syhaun\apache-maven-3.6.1\maven_repository\org\junit\jupiter\junit-jupiter\5.10.2\junit-jupiter-5.10.2.jar;D:\Syhaun\apache-maven-3.6.1\maven_repository\org\junit\jupiter\junit-jupiter-api\5.10.2\junit-jupiter-api-5.10.2.jar;D:\Syhaun\apache-maven-3.6.1\maven_repository\org\opentest4j\opentest4j\1.3.0\opentest4j-1.3.0.jar;D:\Syhaun\apache-maven-3.6.1\maven_repository\org\junit\platform\junit-platform-commons\1.10.2\junit-platform-commons-1.10.2.jar;D:\Syhaun\apache-maven-3.6.1\maven_repository\org\apiguardian\apiguardian-api\1.1.2\apiguardian-api-1.1.2.jar;D:\Syhaun\apache-maven-3.6.1\maven_repository\org\junit\jupiter\junit-jupiter-params\5.10.2\junit-jupiter-params-5.10.2.jar;D:\Syhaun\apache-maven-3.6.1\maven_repository\org\junit\jupiter\junit-jupiter-engine\5.10.2\junit-jupiter-engine-5.10.2.jar;D:\Syhaun\apache-maven-3.6.1\maven_repository\org\junit\platform\junit-platform-engine\1.10.2\junit-platform-engine-1.10.2.jar;D:\Syhaun\apache-maven-3.6.1\maven_repository\org\mockito\mockito-core\5.7.0\mockito-core-5.7.0.jar;D:\Syhaun\apache-maven-3.6.1\maven_repository\net\bytebuddy\byte-buddy-agent\1.14.13\byte-buddy-agent-1.14.13.jar;D:\Syhaun\apache-maven-3.6.1\maven_repository\org\objenesis\objenesis\3.3\objenesis-3.3.jar;D:\Syhaun\apache-maven-3.6.1\maven_repository\org\mockito\mockito-junit-jupiter\5.7.0\mockito-junit-jupiter-5.7.0.jar;D:\Syhaun\apache-maven-3.6.1\maven_repository\org\skyscreamer\jsonassert\1.5.1\jsonassert-1.5.1.jar;D:\Syhaun\apache-maven-3.6.1\maven_repository\com\vaadin\external\google\android-json\0.0.20131108.vaadin1\android-json-0.0.20131108.vaadin1.jar;D:\Syhaun\apache-maven-3.6.1\maven_repository\org\springframework\spring-core\6.1.6\spring-core-6.1.6.jar;D:\Syhaun\apache-maven-3.6.1\maven_repository\org\springframework\spring-jcl\6.1.6\spring-jcl-6.1.6.jar;D:\Syhaun\apache-maven-3.6.1\maven_repository\org\springframework\spring-test\6.1.6\spring-test-6.1.6.jar;D:\Syhaun\apache-maven-3.6.1\maven_repository\org\xmlunit\xmlunit-core\2.9.1\xmlunit-core-2.9.1.jar;D:\Syhaun\apache-maven-3.6.1\maven_repository\org\mybatis\spring\boot\mybatis-spring-boot-starter-test\3.0.3\mybatis-spring-boot-starter-test-3.0.3.jar;D:\Syhaun\apache-maven-3.6.1\maven_repository\org\mybatis\spring\boot\mybatis-spring-boot-test-autoconfigure\3.0.3\mybatis-spring-boot-test-autoconfigure-3.0.3.jar;D:\Syhaun\apache-maven-3.6.1\maven_repository\org\springframework\spring-tx\6.1.6\spring-tx-6.1.6.jar;D:\Syhaun\apache-maven-3.6.1\maven_repository\org\springframework\boot\spring-boot-autoconfigure\3.2.5\spring-boot-autoconfigure-3.2.5.jar;"/>
    <property name="sun.cpu.endian" value="little"/>
    <property name="user.home" value="C:\Users\86130"/>
    <property name="user.language" value="zh"/>
    <property name="java.specification.vendor" value="Oracle Corporation"/>
    <property name="java.version.date" value="2023-10-17"/>
    <property name="java.home" value="D:\Program Files\java17"/>
    <property name="file.separator" value="\"/>
    <property name="basedir" value="C:\Users\86130\Desktop\机械狗\mingmou YUN"/>
    <property name="java.vm.compressedOopsMode" value="Zero based"/>
    <property name="line.separator" value="&#10;"/>
    <property name="java.vm.specification.vendor" value="Oracle Corporation"/>
    <property name="java.specification.name" value="Java Platform API Specification"/>
    <property name="FILE_LOG_CHARSET" value="GBK"/>
    <property name="java.awt.headless" value="true"/>
    <property name="surefire.real.class.path" value="C:\Users\86130\AppData\Local\Temp\surefire8941456880821317111\surefirebooter-20240507225342942_3.jar"/>
    <property name="user.script" value=""/>
    <property name="sun.management.compiler" value="HotSpot 64-Bit Tiered Compilers"/>
    <property name="java.runtime.version" value="17.0.9+8-LTS"/>
    <property name="user.name" value="86130"/>
    <property name="path.separator" value=";"/>
    <property name="os.version" value="10.0"/>
    <property name="java.runtime.name" value="OpenJDK Runtime Environment"/>
    <property name="file.encoding" value="GBK"/>
    <property name="java.vm.name" value="OpenJDK 64-Bit Server VM"/>
    <property name="java.vendor.version" value="Corretto-17.0.9.8.1"/>
    <property name="localRepository" value="D:\Syhaun\apache-maven-3.6.1\maven_repository"/>
    <property name="java.vendor.url.bug" value="https://github.com/corretto/corretto-17/issues/"/>
    <property name="java.io.tmpdir" value="C:\Users\86130\AppData\Local\Temp\"/>
    <property name="idea.version" value="2023.2.4"/>
    <property name="java.version" value="17.0.9"/>
    <property name="user.dir" value="C:\Users\86130\Desktop\机械狗\mingmou YUN"/>
    <property name="os.arch" value="amd64"/>
    <property name="java.vm.specification.name" value="Java Virtual Machine Specification"/>
    <property name="PID" value="26780"/>
    <property name="sun.os.patch.level" value=""/>
    <property name="CONSOLE_LOG_CHARSET" value="GBK"/>
    <property name="native.encoding" value="GBK"/>
    <property name="java.library.path" value="D:\Program Files\java17\bin;C:\Windows\Sun\Java\bin;C:\Windows\system32;C:\Windows;E:\Syhaun\VMware\bin\;D:\Program Files\java\bin;C:\Windows\system32;C:\Windows;C:\Windows\System32\Wbem;C:\Windows\System32\WindowsPowerShell\v1.0\;C:\Windows\System32\OpenSSH\;C:\Program Files (x86)\NVIDIA Corporation\PhysX\Common;C:\Program Files\NVIDIA Corporation\NVIDIA NvDLISR;D:\86130\runtime\win64;D:\86130\bin;D:\86130\polyspace\bin;D:\LINGO64_18\;D:\Git\cmd;D:\Program Files\Git\cmd;D:\Program Files\NodeJS\;E:\Syhaun\Matlab\runtime\win64;E:\Syhaun\Matlab\bin;C:\Program Files\dotnet\;D:\Syhaun\apache-maven-3.6.1\bin;D:\Syhaun\MySQL\MySQL Server8.0\bin;D:\Syhaun\MinGW64\bin;D:\Program Files\python\Scripts;C:\Users\86130\AppData\Local\Programs\Python\Python39\Scripts\;C:\Users\86130\AppData\Local\Programs\Python\Python39\;E:\Syhaun\Python\Scripts\;E:\Syhaun\Python\;C:\Users\86130\AppData\Local\Programs\Python\Python312\Scripts\;C:\Users\86130\AppData\Local\Programs\Python\Python312\;D:\Syhaun\MySQL\MySQL Server8.0\bin\;C:\Users\86130\AppData\Local\Microsoft\WindowsApps;C:\Users\86130\AppData\Roaming\npm;;D:\Syhaun\Microsoft VS Code\bin;E:\Syhaun\PyCharm 2023.3.4\bin;;E:\Syhaun\WebStorm 2023.3.5\bin;;E:\Syhaun\GoLand 2023.3.6\bin;;."/>
    <property name="java.vm.info" value="mixed mode, sharing"/>
    <property name="java.vendor" value="Amazon.com Inc."/>
    <property name="java.vm.version" value="17.0.9+8-LTS"/>
    <property name="sun.io.unicode.encoding" value="UnicodeLittle"/>
    <property name="java.class.version" value="61.0"/>
    <property name="LOGGED_APPLICATION_NAME" value="[mingmou] "/>
  </properties>
  <testcase name="contextLoads" classname="com.mingmou.MingmouApplicationTests" time="1.041">
    <system-out><![CDATA[22:53:43.876 [main] INFO org.springframework.test.context.support.AnnotationConfigContextLoaderUtils -- Could not detect default configuration classes for test class [com.mingmou.MingmouApplicationTests]: MingmouApplicationTests does not declare any static, non-private, non-final, nested classes annotated with @Configuration.
22:53:43.985 [main] INFO org.springframework.boot.test.context.SpringBootTestContextBootstrapper -- Found @SpringBootConfiguration com.mingmou.MingmouApplication for test class com.mingmou.MingmouApplicationTests
22:53:44.195 [main] INFO org.springframework.boot.devtools.restart.RestartApplicationListener -- Restart disabled due to context in which it is running

  .   ____          _            __ _ _
 /\\ / ___'_ __ _ _(_)_ __  __ _ \ \ \ \
( ( )\___ | '_ | '_| | '_ \/ _` | \ \ \ \
 \\/  ___)| |_)| | | | | || (_| |  ) ) ) )
  '  |____| .__|_| |_|_| |_\__, | / / / /
 =========|_|==============|___/=/_/_/_/
 :: Spring Boot ::                (v3.2.5)

2024-05-07T22:53:44.486+08:00  INFO 26780 --- [mingmou] [           main] com.mingmou.MingmouApplicationTests      : Starting MingmouApplicationTests using Java 17.0.9 with PID 26780 (started by 86130 in C:\Users\86130\Desktop\机械狗\mingmou YUN)
2024-05-07T22:53:44.488+08:00  INFO 26780 --- [mingmou] [           main] com.mingmou.MingmouApplicationTests      : No active profile set, falling back to 1 default profile: "default"
Logging initialized using 'class org.apache.ibatis.logging.stdout.StdOutImpl' adapter.
2024-05-07T22:53:46.459+08:00  INFO 26780 --- [mingmou] [           main] o.s.b.a.w.s.WelcomePageHandlerMapping    : Adding welcome page: class path resource [static/index.html]
2024-05-07T22:53:47.117+08:00  INFO 26780 --- [mingmou] [           main] com.mingmou.MingmouApplicationTests      : Started MingmouApplicationTests in 2.936 seconds (process running for 4.08)
]]></system-out>
  </testcase>
</testsuite>